<?xml version="1.0" encoding="UTF-8"?>
<testsuite xmlns:xsi="http://www.w3.org/2001/XMLSchema-instance" xsi:noNamespaceSchemaLocation="https://maven.apache.org/surefire/maven-surefire-plugin/xsd/surefire-test-report-3.0.xsd" version="3.0" name="edu.java.scrapper.client.ClientTests" time="10.049" tests="2" errors="1" skipped="0" failures="1">
  <properties>
    <property name="git.tags" value=""/>
    <property name="java.specification.version" value="17"/>
    <property name="sun.jnu.encoding" value="UTF-8"/>
    <property name="git.build.version" value="0.1"/>
    <property name="java.class.path" value="/home/inkerinmaa/Link-Tracker-Bot/scrapper/target/test-classes:/home/inkerinmaa/Link-Tracker-Bot/scrapper/target/classes:/home/inkerinmaa/.m2/repository/org/springframework/boot/spring-boot-starter-web/3.2.2/spring-boot-starter-web-3.2.2.jar:/home/inkerinmaa/.m2/repository/org/springframework/boot/spring-boot-starter/3.2.2/spring-boot-starter-3.2.2.jar:/home/inkerinmaa/.m2/repository/jakarta/annotation/jakarta.annotation-api/2.1.1/jakarta.annotation-api-2.1.1.jar:/home/inkerinmaa/.m2/repository/org/springframework/boot/spring-boot-starter-json/3.2.2/spring-boot-starter-json-3.2.2.jar:/home/inkerinmaa/.m2/repository/com/fasterxml/jackson/core/jackson-databind/2.15.3/jackson-databind-2.15.3.jar:/home/inkerinmaa/.m2/repository/com/fasterxml/jackson/core/jackson-annotations/2.15.3/jackson-annotations-2.15.3.jar:/home/inkerinmaa/.m2/repository/com/fasterxml/jackson/core/jackson-core/2.15.3/jackson-core-2.15.3.jar:/home/inkerinmaa/.m2/repository/com/fasterxml/jackson/datatype/jackson-datatype-jdk8/2.15.3/jackson-datatype-jdk8-2.15.3.jar:/home/inkerinmaa/.m2/repository/com/fasterxml/jackson/datatype/jackson-datatype-jsr310/2.15.3/jackson-datatype-jsr310-2.15.3.jar:/home/inkerinmaa/.m2/repository/com/fasterxml/jackson/module/jackson-module-parameter-names/2.15.3/jackson-module-parameter-names-2.15.3.jar:/home/inkerinmaa/.m2/repository/org/springframework/boot/spring-boot-starter-tomcat/3.2.2/spring-boot-starter-tomcat-3.2.2.jar:/home/inkerinmaa/.m2/repository/org/apache/tomcat/embed/tomcat-embed-core/10.1.18/tomcat-embed-core-10.1.18.jar:/home/inkerinmaa/.m2/repository/org/apache/tomcat/embed/tomcat-embed-websocket/10.1.18/tomcat-embed-websocket-10.1.18.jar:/home/inkerinmaa/.m2/repository/org/springframework/spring-web/6.1.3/spring-web-6.1.3.jar:/home/inkerinmaa/.m2/repository/org/springframework/spring-beans/6.1.3/spring-beans-6.1.3.jar:/home/inkerinmaa/.m2/repository/org/springframework/spring-webmvc/6.1.3/spring-webmvc-6.1.3.jar:/home/inkerinmaa/.m2/repository/org/springframework/spring-aop/6.1.3/spring-aop-6.1.3.jar:/home/inkerinmaa/.m2/repository/org/springframework/spring-expression/6.1.3/spring-expression-6.1.3.jar:/home/inkerinmaa/.m2/repository/org/springframework/boot/spring-boot-starter-logging/3.2.2/spring-boot-starter-logging-3.2.2.jar:/home/inkerinmaa/.m2/repository/ch/qos/logback/logback-classic/1.4.14/logback-classic-1.4.14.jar:/home/inkerinmaa/.m2/repository/ch/qos/logback/logback-core/1.4.14/logback-core-1.4.14.jar:/home/inkerinmaa/.m2/repository/org/slf4j/slf4j-api/2.0.11/slf4j-api-2.0.11.jar:/home/inkerinmaa/.m2/repository/org/apache/logging/log4j/log4j-to-slf4j/2.21.1/log4j-to-slf4j-2.21.1.jar:/home/inkerinmaa/.m2/repository/org/apache/logging/log4j/log4j-api/2.21.1/log4j-api-2.21.1.jar:/home/inkerinmaa/.m2/repository/org/slf4j/jul-to-slf4j/2.0.11/jul-to-slf4j-2.0.11.jar:/home/inkerinmaa/.m2/repository/org/springframework/boot/spring-boot-starter-validation/3.2.2/spring-boot-starter-validation-3.2.2.jar:/home/inkerinmaa/.m2/repository/org/apache/tomcat/embed/tomcat-embed-el/10.1.18/tomcat-embed-el-10.1.18.jar:/home/inkerinmaa/.m2/repository/org/hibernate/validator/hibernate-validator/8.0.1.Final/hibernate-validator-8.0.1.Final.jar:/home/inkerinmaa/.m2/repository/jakarta/validation/jakarta.validation-api/3.0.2/jakarta.validation-api-3.0.2.jar:/home/inkerinmaa/.m2/repository/org/jboss/logging/jboss-logging/3.5.3.Final/jboss-logging-3.5.3.Final.jar:/home/inkerinmaa/.m2/repository/com/fasterxml/classmate/1.6.0/classmate-1.6.0.jar:/home/inkerinmaa/.m2/repository/org/springframework/boot/spring-boot-starter-webflux/3.2.2/spring-boot-starter-webflux-3.2.2.jar:/home/inkerinmaa/.m2/repository/org/springframework/boot/spring-boot-starter-reactor-netty/3.2.2/spring-boot-starter-reactor-netty-3.2.2.jar:/home/inkerinmaa/.m2/repository/io/projectreactor/netty/reactor-netty-http/1.1.15/reactor-netty-http-1.1.15.jar:/home/inkerinmaa/.m2/repository/io/netty/netty-codec-http/4.1.105.Final/netty-codec-http-4.1.105.Final.jar:/home/inkerinmaa/.m2/repository/io/netty/netty-codec-http2/4.1.105.Final/netty-codec-http2-4.1.105.Final.jar:/home/inkerinmaa/.m2/repository/io/netty/netty-resolver-dns/4.1.105.Final/netty-resolver-dns-4.1.105.Final.jar:/home/inkerinmaa/.m2/repository/io/netty/netty-codec-dns/4.1.105.Final/netty-codec-dns-4.1.105.Final.jar:/home/inkerinmaa/.m2/repository/io/netty/netty-resolver-dns-native-macos/4.1.105.Final/netty-resolver-dns-native-macos-4.1.105.Final-osx-x86_64.jar:/home/inkerinmaa/.m2/repository/io/netty/netty-resolver-dns-classes-macos/4.1.105.Final/netty-resolver-dns-classes-macos-4.1.105.Final.jar:/home/inkerinmaa/.m2/repository/io/netty/netty-transport-native-epoll/4.1.105.Final/netty-transport-native-epoll-4.1.105.Final-linux-x86_64.jar:/home/inkerinmaa/.m2/repository/io/projectreactor/netty/reactor-netty-core/1.1.15/reactor-netty-core-1.1.15.jar:/home/inkerinmaa/.m2/repository/io/netty/netty-handler-proxy/4.1.105.Final/netty-handler-proxy-4.1.105.Final.jar:/home/inkerinmaa/.m2/repository/io/netty/netty-codec-socks/4.1.105.Final/netty-codec-socks-4.1.105.Final.jar:/home/inkerinmaa/.m2/repository/org/springframework/spring-webflux/6.1.3/spring-webflux-6.1.3.jar:/home/inkerinmaa/.m2/repository/org/springframework/kafka/spring-kafka/3.1.1/spring-kafka-3.1.1.jar:/home/inkerinmaa/.m2/repository/org/springframework/spring-context/6.1.3/spring-context-6.1.3.jar:/home/inkerinmaa/.m2/repository/org/springframework/spring-messaging/6.1.3/spring-messaging-6.1.3.jar:/home/inkerinmaa/.m2/repository/org/springframework/spring-tx/6.1.3/spring-tx-6.1.3.jar:/home/inkerinmaa/.m2/repository/org/springframework/retry/spring-retry/2.0.5/spring-retry-2.0.5.jar:/home/inkerinmaa/.m2/repository/org/apache/kafka/kafka-clients/3.6.1/kafka-clients-3.6.1.jar:/home/inkerinmaa/.m2/repository/com/github/luben/zstd-jni/1.5.5-1/zstd-jni-1.5.5-1.jar:/home/inkerinmaa/.m2/repository/org/lz4/lz4-java/1.8.0/lz4-java-1.8.0.jar:/home/inkerinmaa/.m2/repository/org/xerial/snappy/snappy-java/1.1.10.5/snappy-java-1.1.10.5.jar:/home/inkerinmaa/.m2/repository/io/micrometer/micrometer-observation/1.12.2/micrometer-observation-1.12.2.jar:/home/inkerinmaa/.m2/repository/io/micrometer/micrometer-commons/1.12.2/micrometer-commons-1.12.2.jar:/home/inkerinmaa/.m2/repository/com/google/code/findbugs/jsr305/3.0.2/jsr305-3.0.2.jar:/home/inkerinmaa/.m2/repository/org/springframework/boot/spring-boot-devtools/3.2.2/spring-boot-devtools-3.2.2.jar:/home/inkerinmaa/.m2/repository/org/springframework/boot/spring-boot/3.2.2/spring-boot-3.2.2.jar:/home/inkerinmaa/.m2/repository/org/springframework/boot/spring-boot-autoconfigure/3.2.2/spring-boot-autoconfigure-3.2.2.jar:/home/inkerinmaa/.m2/repository/org/springframework/boot/spring-boot-configuration-processor/3.2.2/spring-boot-configuration-processor-3.2.2.jar:/home/inkerinmaa/.m2/repository/org/projectlombok/lombok/1.18.30/lombok-1.18.30.jar:/home/inkerinmaa/.m2/repository/org/springframework/boot/spring-boot-starter-test/3.2.2/spring-boot-starter-test-3.2.2.jar:/home/inkerinmaa/.m2/repository/org/springframework/boot/spring-boot-test/3.2.2/spring-boot-test-3.2.2.jar:/home/inkerinmaa/.m2/repository/org/springframework/boot/spring-boot-test-autoconfigure/3.2.2/spring-boot-test-autoconfigure-3.2.2.jar:/home/inkerinmaa/.m2/repository/com/jayway/jsonpath/json-path/2.8.0/json-path-2.8.0.jar:/home/inkerinmaa/.m2/repository/jakarta/xml/bind/jakarta.xml.bind-api/4.0.1/jakarta.xml.bind-api-4.0.1.jar:/home/inkerinmaa/.m2/repository/jakarta/activation/jakarta.activation-api/2.1.2/jakarta.activation-api-2.1.2.jar:/home/inkerinmaa/.m2/repository/net/minidev/json-smart/2.5.0/json-smart-2.5.0.jar:/home/inkerinmaa/.m2/repository/net/minidev/accessors-smart/2.5.0/accessors-smart-2.5.0.jar:/home/inkerinmaa/.m2/repository/org/ow2/asm/asm/9.3/asm-9.3.jar:/home/inkerinmaa/.m2/repository/org/awaitility/awaitility/4.2.0/awaitility-4.2.0.jar:/home/inkerinmaa/.m2/repository/org/hamcrest/hamcrest/2.2/hamcrest-2.2.jar:/home/inkerinmaa/.m2/repository/org/junit/jupiter/junit-jupiter/5.10.1/junit-jupiter-5.10.1.jar:/home/inkerinmaa/.m2/repository/org/mockito/mockito-core/5.7.0/mockito-core-5.7.0.jar:/home/inkerinmaa/.m2/repository/net/bytebuddy/byte-buddy-agent/1.14.11/byte-buddy-agent-1.14.11.jar:/home/inkerinmaa/.m2/repository/org/objenesis/objenesis/3.3/objenesis-3.3.jar:/home/inkerinmaa/.m2/repository/org/mockito/mockito-junit-jupiter/5.7.0/mockito-junit-jupiter-5.7.0.jar:/home/inkerinmaa/.m2/repository/org/skyscreamer/jsonassert/1.5.1/jsonassert-1.5.1.jar:/home/inkerinmaa/.m2/repository/com/vaadin/external/google/android-json/0.0.20131108.vaadin1/android-json-0.0.20131108.vaadin1.jar:/home/inkerinmaa/.m2/repository/org/springframework/spring-core/6.1.3/spring-core-6.1.3.jar:/home/inkerinmaa/.m2/repository/org/springframework/spring-jcl/6.1.3/spring-jcl-6.1.3.jar:/home/inkerinmaa/.m2/repository/org/springframework/spring-test/6.1.3/spring-test-6.1.3.jar:/home/inkerinmaa/.m2/repository/org/xmlunit/xmlunit-core/2.9.1/xmlunit-core-2.9.1.jar:/home/inkerinmaa/.m2/repository/org/springframework/boot/spring-boot-testcontainers/3.2.2/spring-boot-testcontainers-3.2.2.jar:/home/inkerinmaa/.m2/repository/org/testcontainers/testcontainers/1.19.4/testcontainers-1.19.4.jar:/home/inkerinmaa/.m2/repository/junit/junit/4.13.2/junit-4.13.2.jar:/home/inkerinmaa/.m2/repository/org/hamcrest/hamcrest-core/2.2/hamcrest-core-2.2.jar:/home/inkerinmaa/.m2/repository/org/apache/commons/commons-compress/1.25.0/commons-compress-1.25.0.jar:/home/inkerinmaa/.m2/repository/org/rnorth/duct-tape/duct-tape/1.0.8/duct-tape-1.0.8.jar:/home/inkerinmaa/.m2/repository/com/github/docker-java/docker-java-api/3.3.4/docker-java-api-3.3.4.jar:/home/inkerinmaa/.m2/repository/com/github/docker-java/docker-java-transport-zerodep/3.3.4/docker-java-transport-zerodep-3.3.4.jar:/home/inkerinmaa/.m2/repository/com/github/docker-java/docker-java-transport/3.3.4/docker-java-transport-3.3.4.jar:/home/inkerinmaa/.m2/repository/net/java/dev/jna/jna/5.13.0/jna-5.13.0.jar:/home/inkerinmaa/.m2/repository/org/springframework/kafka/spring-kafka-test/3.1.1/spring-kafka-test-3.1.1.jar:/home/inkerinmaa/.m2/repository/org/apache/zookeeper/zookeeper/3.8.3/zookeeper-3.8.3.jar:/home/inkerinmaa/.m2/repository/org/apache/zookeeper/zookeeper-jute/3.8.3/zookeeper-jute-3.8.3.jar:/home/inkerinmaa/.m2/repository/org/apache/yetus/audience-annotations/0.12.0/audience-annotations-0.12.0.jar:/home/inkerinmaa/.m2/repository/io/netty/netty-handler/4.1.105.Final/netty-handler-4.1.105.Final.jar:/home/inkerinmaa/.m2/repository/io/netty/netty-common/4.1.105.Final/netty-common-4.1.105.Final.jar:/home/inkerinmaa/.m2/repository/io/netty/netty-resolver/4.1.105.Final/netty-resolver-4.1.105.Final.jar:/home/inkerinmaa/.m2/repository/io/netty/netty-buffer/4.1.105.Final/netty-buffer-4.1.105.Final.jar:/home/inkerinmaa/.m2/repository/io/netty/netty-transport/4.1.105.Final/netty-transport-4.1.105.Final.jar:/home/inkerinmaa/.m2/repository/io/netty/netty-transport-native-unix-common/4.1.105.Final/netty-transport-native-unix-common-4.1.105.Final.jar:/home/inkerinmaa/.m2/repository/io/netty/netty-codec/4.1.105.Final/netty-codec-4.1.105.Final.jar:/home/inkerinmaa/.m2/repository/io/netty/netty-transport-native-epoll/4.1.105.Final/netty-transport-native-epoll-4.1.105.Final.jar:/home/inkerinmaa/.m2/repository/io/netty/netty-transport-classes-epoll/4.1.105.Final/netty-transport-classes-epoll-4.1.105.Final.jar:/home/inkerinmaa/.m2/repository/commons-io/commons-io/2.11.0/commons-io-2.11.0.jar:/home/inkerinmaa/.m2/repository/org/apache/kafka/kafka-clients/3.6.1/kafka-clients-3.6.1-test.jar:/home/inkerinmaa/.m2/repository/org/apache/kafka/kafka-metadata/3.6.1/kafka-metadata-3.6.1.jar:/home/inkerinmaa/.m2/repository/org/apache/kafka/kafka-raft/3.6.1/kafka-raft-3.6.1.jar:/home/inkerinmaa/.m2/repository/com/yammer/metrics/metrics-core/2.2.0/metrics-core-2.2.0.jar:/home/inkerinmaa/.m2/repository/org/apache/kafka/kafka-server-common/3.6.1/kafka-server-common-3.6.1.jar:/home/inkerinmaa/.m2/repository/net/sf/jopt-simple/jopt-simple/5.0.4/jopt-simple-5.0.4.jar:/home/inkerinmaa/.m2/repository/org/pcollections/pcollections/4.0.1/pcollections-4.0.1.jar:/home/inkerinmaa/.m2/repository/org/apache/kafka/kafka-server-common/3.6.1/kafka-server-common-3.6.1-test.jar:/home/inkerinmaa/.m2/repository/org/apache/kafka/kafka-streams-test-utils/3.6.1/kafka-streams-test-utils-3.6.1.jar:/home/inkerinmaa/.m2/repository/org/apache/kafka/kafka-streams/3.6.1/kafka-streams-3.6.1.jar:/home/inkerinmaa/.m2/repository/org/rocksdb/rocksdbjni/7.9.2/rocksdbjni-7.9.2.jar:/home/inkerinmaa/.m2/repository/org/apache/kafka/kafka_2.13/3.6.1/kafka_2.13-3.6.1.jar:/home/inkerinmaa/.m2/repository/org/scala-lang/scala-library/2.13.11/scala-library-2.13.11.jar:/home/inkerinmaa/.m2/repository/org/apache/kafka/kafka-group-coordinator/3.6.1/kafka-group-coordinator-3.6.1.jar:/home/inkerinmaa/.m2/repository/org/apache/kafka/kafka-storage-api/3.6.1/kafka-storage-api-3.6.1.jar:/home/inkerinmaa/.m2/repository/org/apache/kafka/kafka-tools-api/3.6.1/kafka-tools-api-3.6.1.jar:/home/inkerinmaa/.m2/repository/org/apache/kafka/kafka-storage/3.6.1/kafka-storage-3.6.1.jar:/home/inkerinmaa/.m2/repository/com/github/ben-manes/caffeine/caffeine/3.1.8/caffeine-3.1.8.jar:/home/inkerinmaa/.m2/repository/org/checkerframework/checker-qual/3.37.0/checker-qual-3.37.0.jar:/home/inkerinmaa/.m2/repository/com/google/errorprone/error_prone_annotations/2.21.1/error_prone_annotations-2.21.1.jar:/home/inkerinmaa/.m2/repository/net/sourceforge/argparse4j/argparse4j/0.7.0/argparse4j-0.7.0.jar:/home/inkerinmaa/.m2/repository/commons-validator/commons-validator/1.7/commons-validator-1.7.jar:/home/inkerinmaa/.m2/repository/commons-beanutils/commons-beanutils/1.9.4/commons-beanutils-1.9.4.jar:/home/inkerinmaa/.m2/repository/commons-digester/commons-digester/2.1/commons-digester-2.1.jar:/home/inkerinmaa/.m2/repository/commons-collections/commons-collections/3.2.2/commons-collections-3.2.2.jar:/home/inkerinmaa/.m2/repository/com/fasterxml/jackson/module/jackson-module-scala_2.13/2.15.3/jackson-module-scala_2.13-2.15.3.jar:/home/inkerinmaa/.m2/repository/com/thoughtworks/paranamer/paranamer/2.8/paranamer-2.8.jar:/home/inkerinmaa/.m2/repository/com/fasterxml/jackson/dataformat/jackson-dataformat-csv/2.15.3/jackson-dataformat-csv-2.15.3.jar:/home/inkerinmaa/.m2/repository/org/bitbucket/b_c/jose4j/0.9.3/jose4j-0.9.3.jar:/home/inkerinmaa/.m2/repository/org/scala-lang/modules/scala-collection-compat_2.13/2.10.0/scala-collection-compat_2.13-2.10.0.jar:/home/inkerinmaa/.m2/repository/org/scala-lang/modules/scala-java8-compat_2.13/1.0.2/scala-java8-compat_2.13-1.0.2.jar:/home/inkerinmaa/.m2/repository/org/scala-lang/scala-reflect/2.13.11/scala-reflect-2.13.11.jar:/home/inkerinmaa/.m2/repository/com/typesafe/scala-logging/scala-logging_2.13/3.9.4/scala-logging_2.13-3.9.4.jar:/home/inkerinmaa/.m2/repository/io/dropwizard/metrics/metrics-core/4.2.23/metrics-core-4.2.23.jar:/home/inkerinmaa/.m2/repository/commons-cli/commons-cli/1.4/commons-cli-1.4.jar:/home/inkerinmaa/.m2/repository/org/apache/kafka/kafka_2.13/3.6.1/kafka_2.13-3.6.1-test.jar:/home/inkerinmaa/.m2/repository/org/junit/platform/junit-platform-launcher/1.10.1/junit-platform-launcher-1.10.1.jar:/home/inkerinmaa/.m2/repository/org/springframework/cloud/spring-cloud-starter-contract-stub-runner/4.1.0/spring-cloud-starter-contract-stub-runner-4.1.0.jar:/home/inkerinmaa/.m2/repository/org/springframework/cloud/spring-cloud-contract-stub-runner/4.1.0/spring-cloud-contract-stub-runner-4.1.0.jar:/home/inkerinmaa/.m2/repository/org/springframework/cloud/spring-cloud-contract-verifier/4.1.0/spring-cloud-contract-verifier-4.1.0.jar:/home/inkerinmaa/.m2/repository/javax/inject/javax.inject/1/javax.inject-1.jar:/home/inkerinmaa/.m2/repository/com/toomuchcoding/jsonassert/jsonassert/0.7.0/jsonassert-0.7.0.jar:/home/inkerinmaa/.m2/repository/com/rackspace/eclipse/webtools/sourceediting/org.eclipse.wst.xml.xpath2.processor/2.1.100/org.eclipse.wst.xml.xpath2.processor-2.1.100.jar:/home/inkerinmaa/.m2/repository/edu/princeton/cup/java-cup/10k/java-cup-10k.jar:/home/inkerinmaa/.m2/repository/com/ibm/icu/icu4j/4.6/icu4j-4.6.jar:/home/inkerinmaa/.m2/repository/org/apache/groovy/groovy-nio/4.0.17/groovy-nio-4.0.17.jar:/home/inkerinmaa/.m2/repository/org/apache/groovy/groovy-json/4.0.17/groovy-json-4.0.17.jar:/home/inkerinmaa/.m2/repository/com/github/jknack/handlebars/4.3.1/handlebars-4.3.1.jar:/home/inkerinmaa/.m2/repository/com/fasterxml/jackson/dataformat/jackson-dataformat-yaml/2.15.3/jackson-dataformat-yaml-2.15.3.jar:/home/inkerinmaa/.m2/repository/net/javacrumbs/json-unit/json-unit-assertj/2.38.0/json-unit-assertj-2.38.0.jar:/home/inkerinmaa/.m2/repository/net/javacrumbs/json-unit/json-unit-core/2.38.0/json-unit-core-2.38.0.jar:/home/inkerinmaa/.m2/repository/net/javacrumbs/json-unit/json-unit-json-path/2.38.0/json-unit-json-path-2.38.0.jar:/home/inkerinmaa/.m2/repository/org/springframework/cloud/spring-cloud-contract-shade/4.1.0/spring-cloud-contract-shade-4.1.0.jar:/home/inkerinmaa/.m2/repository/org/springframework/cloud/spring-cloud-contract-converters/4.1.0/spring-cloud-contract-converters-4.1.0.jar:/home/inkerinmaa/.m2/repository/org/springframework/cloud/spring-cloud-contract-spec/4.1.0/spring-cloud-contract-spec-4.1.0.jar:/home/inkerinmaa/.m2/repository/org/springframework/cloud/spring-cloud-contract-spec-java/4.1.0/spring-cloud-contract-spec-java-4.1.0.jar:/home/inkerinmaa/.m2/repository/dk/brics/automaton/1.12-4/automaton-1.12-4.jar:/home/inkerinmaa/.m2/repository/org/springframework/cloud/spring-cloud-contract-spec-groovy/4.1.0/spring-cloud-contract-spec-groovy-4.1.0.jar:/home/inkerinmaa/.m2/repository/org/eclipse/jgit/org.eclipse.jgit/6.6.1.202309021850-r/org.eclipse.jgit-6.6.1.202309021850-r.jar:/home/inkerinmaa/.m2/repository/com/googlecode/javaewah/JavaEWAH/1.2.3/JavaEWAH-1.2.3.jar:/home/inkerinmaa/.m2/repository/org/eclipse/jgit/org.eclipse.jgit.ssh.jsch/6.7.0.202309050840-r/org.eclipse.jgit.ssh.jsch-6.7.0.202309050840-r.jar:/home/inkerinmaa/.m2/repository/com/jcraft/jsch/0.1.55/jsch-0.1.55.jar:/home/inkerinmaa/.m2/repository/com/jcraft/jzlib/1.1.3/jzlib-1.1.3.jar:/home/inkerinmaa/.m2/repository/com/jcraft/jsch.agentproxy.sshagent/0.0.9/jsch.agentproxy.sshagent-0.0.9.jar:/home/inkerinmaa/.m2/repository/com/jcraft/jsch.agentproxy.core/0.0.9/jsch.agentproxy.core-0.0.9.jar:/home/inkerinmaa/.m2/repository/com/jcraft/jsch.agentproxy.jsch/0.0.9/jsch.agentproxy.jsch-0.0.9.jar:/home/inkerinmaa/.m2/repository/com/jcraft/jsch.agentproxy.usocket-jna/0.0.9/jsch.agentproxy.usocket-jna-0.0.9.jar:/home/inkerinmaa/.m2/repository/net/java/dev/jna/jna-platform/4.1.0/jna-platform-4.1.0.jar:/home/inkerinmaa/.m2/repository/org/springframework/cloud/spring-cloud-contract-wiremock/4.1.0/spring-cloud-contract-wiremock-4.1.0.jar:/home/inkerinmaa/.m2/repository/jakarta/servlet/jakarta.servlet-api/6.0.0/jakarta.servlet-api-6.0.0.jar:/home/inkerinmaa/.m2/repository/com/github/tomakehurst/wiremock-jre8-standalone/2.35.1/wiremock-jre8-standalone-2.35.1.jar:/home/inkerinmaa/.m2/repository/org/apache/httpcomponents/client5/httpclient5/5.2.3/httpclient5-5.2.3.jar:/home/inkerinmaa/.m2/repository/org/apache/httpcomponents/core5/httpcore5/5.2.4/httpcore5-5.2.4.jar:/home/inkerinmaa/.m2/repository/org/apache/httpcomponents/core5/httpcore5-h2/5.2.4/httpcore5-h2-5.2.4.jar:/home/inkerinmaa/.m2/repository/org/springframework/cloud/spring-cloud-test-support/4.1.0/spring-cloud-test-support-4.1.0.jar:/home/inkerinmaa/.m2/repository/org/apache/maven/resolver/maven-resolver-connector-basic/1.9.16/maven-resolver-connector-basic-1.9.16.jar:/home/inkerinmaa/.m2/repository/org/apache/maven/resolver/maven-resolver-spi/1.9.16/maven-resolver-spi-1.9.16.jar:/home/inkerinmaa/.m2/repository/org/apache/maven/resolver/maven-resolver-util/1.9.16/maven-resolver-util-1.9.16.jar:/home/inkerinmaa/.m2/repository/org/apache/maven/resolver/maven-resolver-impl/1.9.16/maven-resolver-impl-1.9.16.jar:/home/inkerinmaa/.m2/repository/org/apache/maven/resolver/maven-resolver-named-locks/1.9.16/maven-resolver-named-locks-1.9.16.jar:/home/inkerinmaa/.m2/repository/org/apache/maven/maven-resolver-provider/3.9.5/maven-resolver-provider-3.9.5.jar:/home/inkerinmaa/.m2/repository/org/apache/maven/maven-model/3.9.5/maven-model-3.9.5.jar:/home/inkerinmaa/.m2/repository/org/apache/maven/maven-model-builder/3.9.5/maven-model-builder-3.9.5.jar:/home/inkerinmaa/.m2/repository/org/codehaus/plexus/plexus-interpolation/1.26/plexus-interpolation-1.26.jar:/home/inkerinmaa/.m2/repository/org/apache/maven/maven-artifact/3.9.5/maven-artifact-3.9.5.jar:/home/inkerinmaa/.m2/repository/org/apache/maven/maven-builder-support/3.9.5/maven-builder-support-3.9.5.jar:/home/inkerinmaa/.m2/repository/org/apache/maven/maven-repository-metadata/3.9.5/maven-repository-metadata-3.9.5.jar:/home/inkerinmaa/.m2/repository/org/apache/maven/resolver/maven-resolver-transport-http/1.9.16/maven-resolver-transport-http-1.9.16.jar:/home/inkerinmaa/.m2/repository/org/apache/maven/resolver/maven-resolver-api/1.9.18/maven-resolver-api-1.9.18.jar:/home/inkerinmaa/.m2/repository/org/sonatype/sisu/sisu-inject-plexus/2.6.0/sisu-inject-plexus-2.6.0.jar:/home/inkerinmaa/.m2/repository/org/codehaus/plexus/plexus-component-annotations/1.5.5/plexus-component-annotations-1.5.5.jar:/home/inkerinmaa/.m2/repository/org/codehaus/plexus/plexus-classworlds/2.5.2/plexus-classworlds-2.5.2.jar:/home/inkerinmaa/.m2/repository/org/codehaus/plexus/plexus-utils/3.0.18/plexus-utils-3.0.18.jar:/home/inkerinmaa/.m2/repository/org/sonatype/sisu/sisu-inject-bean/2.6.0/sisu-inject-bean-2.6.0.jar:/home/inkerinmaa/.m2/repository/javax/enterprise/cdi-api/1.0/cdi-api-1.0.jar:/home/inkerinmaa/.m2/repository/javax/annotation/jsr250-api/1.0/jsr250-api-1.0.jar:/home/inkerinmaa/.m2/repository/org/sonatype/sisu/sisu-guice/3.2.5/sisu-guice-3.2.5-no_aop.jar:/home/inkerinmaa/.m2/repository/com/google/guava/guava/16.0.1/guava-16.0.1.jar:/home/inkerinmaa/.m2/repository/org/eclipse/sisu/org.eclipse.sisu.inject/0.3.0/org.eclipse.sisu.inject-0.3.0.jar:/home/inkerinmaa/.m2/repository/org/eclipse/sisu/org.eclipse.sisu.plexus/0.3.0/org.eclipse.sisu.plexus-0.3.0.jar:/home/inkerinmaa/.m2/repository/io/rest-assured/spring-web-test-client/5.3.2/spring-web-test-client-5.3.2.jar:/home/inkerinmaa/.m2/repository/io/rest-assured/rest-assured/5.3.2/rest-assured-5.3.2.jar:/home/inkerinmaa/.m2/repository/org/apache/groovy/groovy/4.0.17/groovy-4.0.17.jar:/home/inkerinmaa/.m2/repository/org/apache/groovy/groovy-xml/4.0.17/groovy-xml-4.0.17.jar:/home/inkerinmaa/.m2/repository/org/apache/httpcomponents/httpclient/4.5.13/httpclient-4.5.13.jar:/home/inkerinmaa/.m2/repository/org/apache/httpcomponents/httpcore/4.4.16/httpcore-4.4.16.jar:/home/inkerinmaa/.m2/repository/commons-codec/commons-codec/1.16.0/commons-codec-1.16.0.jar:/home/inkerinmaa/.m2/repository/org/apache/httpcomponents/httpmime/4.5.13/httpmime-4.5.13.jar:/home/inkerinmaa/.m2/repository/org/ccil/cowan/tagsoup/tagsoup/1.2.1/tagsoup-1.2.1.jar:/home/inkerinmaa/.m2/repository/io/rest-assured/json-path/5.3.2/json-path-5.3.2.jar:/home/inkerinmaa/.m2/repository/io/rest-assured/rest-assured-common/5.3.2/rest-assured-common-5.3.2.jar:/home/inkerinmaa/.m2/repository/io/rest-assured/xml-path/5.3.2/xml-path-5.3.2.jar:/home/inkerinmaa/.m2/repository/io/rest-assured/spring-commons/5.3.2/spring-commons-5.3.2.jar:/home/inkerinmaa/.m2/repository/org/synchronoss/cloud/nio-multipart-parser/1.1.0/nio-multipart-parser-1.1.0.jar:/home/inkerinmaa/.m2/repository/org/synchronoss/cloud/nio-stream-storage/1.1.3/nio-stream-storage-1.1.3.jar:/home/inkerinmaa/.m2/repository/io/projectreactor/reactor-test/3.6.2/reactor-test-3.6.2.jar:/home/inkerinmaa/.m2/repository/io/projectreactor/reactor-core/3.6.2/reactor-core-3.6.2.jar:/home/inkerinmaa/.m2/repository/org/reactivestreams/reactive-streams/1.0.4/reactive-streams-1.0.4.jar:/home/inkerinmaa/.m2/repository/org/liquibase/liquibase-core/4.24.0/liquibase-core-4.24.0.jar:/home/inkerinmaa/.m2/repository/com/opencsv/opencsv/5.8/opencsv-5.8.jar:/home/inkerinmaa/.m2/repository/org/apache/commons/commons-lang3/3.13.0/commons-lang3-3.13.0.jar:/home/inkerinmaa/.m2/repository/org/apache/commons/commons-text/1.10.0/commons-text-1.10.0.jar:/home/inkerinmaa/.m2/repository/org/apache/commons/commons-collections4/4.4/commons-collections4-4.4.jar:/home/inkerinmaa/.m2/repository/org/yaml/snakeyaml/2.2/snakeyaml-2.2.jar:/home/inkerinmaa/.m2/repository/javax/xml/bind/jaxb-api/2.3.1/jaxb-api-2.3.1.jar:/home/inkerinmaa/.m2/repository/org/testcontainers/junit-jupiter/1.19.4/junit-jupiter-1.19.4.jar:/home/inkerinmaa/.m2/repository/org/testcontainers/postgresql/1.19.4/postgresql-1.19.4.jar:/home/inkerinmaa/.m2/repository/org/testcontainers/jdbc/1.19.4/jdbc-1.19.4.jar:/home/inkerinmaa/.m2/repository/org/testcontainers/database-commons/1.19.4/database-commons-1.19.4.jar:/home/inkerinmaa/.m2/repository/org/testcontainers/kafka/1.19.4/kafka-1.19.4.jar:/home/inkerinmaa/.m2/repository/org/jetbrains/annotations/24.1.0/annotations-24.1.0.jar:/home/inkerinmaa/.m2/repository/org/assertj/assertj-core/3.24.2/assertj-core-3.24.2.jar:/home/inkerinmaa/.m2/repository/net/bytebuddy/byte-buddy/1.14.11/byte-buddy-1.14.11.jar:/home/inkerinmaa/.m2/repository/org/junit/jupiter/junit-jupiter-api/5.10.1/junit-jupiter-api-5.10.1.jar:/home/inkerinmaa/.m2/repository/org/opentest4j/opentest4j/1.3.0/opentest4j-1.3.0.jar:/home/inkerinmaa/.m2/repository/org/junit/platform/junit-platform-commons/1.10.1/junit-platform-commons-1.10.1.jar:/home/inkerinmaa/.m2/repository/org/apiguardian/apiguardian-api/1.1.2/apiguardian-api-1.1.2.jar:/home/inkerinmaa/.m2/repository/org/junit/jupiter/junit-jupiter-engine/5.10.1/junit-jupiter-engine-5.10.1.jar:/home/inkerinmaa/.m2/repository/org/junit/platform/junit-platform-engine/1.10.1/junit-platform-engine-1.10.1.jar:/home/inkerinmaa/.m2/repository/org/junit/jupiter/junit-jupiter-params/5.10.1/junit-jupiter-params-5.10.1.jar:"/>
    <property name="git.branch" value="main"/>
    <property name="git.build.host" value="inkerinmaa"/>
    <property name="java.vm.vendor" value="Arch Linux"/>
    <property name="sun.arch.data.model" value="64"/>
    <property name="git.commit.id" value="908de25b4e9eea5989021359b3feba1714bfeccc"/>
    <property name="java.vendor.url" value="https://openjdk.java.net/"/>
    <property name="user.timezone" value="UTC"/>
    <property name="org.jboss.logging.provider" value="slf4j"/>
    <property name="java.vm.specification.version" value="17"/>
    <property name="os.name" value="Linux"/>
    <property name="git.commit.author.time" value="2024-11-20T15:40:26+0000"/>
    <property name="sun.java.launcher" value="SUN_STANDARD"/>
    <property name="user.country" value="US"/>
    <property name="git.build.user.name" value="AlexanderStepanov05"/>
    <property name="sun.boot.library.path" value="/usr/lib/jvm/java-17-openjdk/lib"/>
    <property name="sun.java.command" value="/home/inkerinmaa/Link-Tracker-Bot/scrapper/target/surefire/surefirebooter-20250303170051581_6.jar /home/inkerinmaa/Link-Tracker-Bot/scrapper/target/surefire 2025-03-03T17-00-46_754-jvmRun1 surefire-20250303170051581_4tmp surefire_1-20250303170051581_5tmp"/>
    <property name="jdk.debug" value="release"/>
    <property name="surefire.test.class.path" value="/home/inkerinmaa/Link-Tracker-Bot/scrapper/target/test-classes:/home/inkerinmaa/Link-Tracker-Bot/scrapper/target/classes:/home/inkerinmaa/.m2/repository/org/springframework/boot/spring-boot-starter-web/3.2.2/spring-boot-starter-web-3.2.2.jar:/home/inkerinmaa/.m2/repository/org/springframework/boot/spring-boot-starter/3.2.2/spring-boot-starter-3.2.2.jar:/home/inkerinmaa/.m2/repository/jakarta/annotation/jakarta.annotation-api/2.1.1/jakarta.annotation-api-2.1.1.jar:/home/inkerinmaa/.m2/repository/org/springframework/boot/spring-boot-starter-json/3.2.2/spring-boot-starter-json-3.2.2.jar:/home/inkerinmaa/.m2/repository/com/fasterxml/jackson/core/jackson-databind/2.15.3/jackson-databind-2.15.3.jar:/home/inkerinmaa/.m2/repository/com/fasterxml/jackson/core/jackson-annotations/2.15.3/jackson-annotations-2.15.3.jar:/home/inkerinmaa/.m2/repository/com/fasterxml/jackson/core/jackson-core/2.15.3/jackson-core-2.15.3.jar:/home/inkerinmaa/.m2/repository/com/fasterxml/jackson/datatype/jackson-datatype-jdk8/2.15.3/jackson-datatype-jdk8-2.15.3.jar:/home/inkerinmaa/.m2/repository/com/fasterxml/jackson/datatype/jackson-datatype-jsr310/2.15.3/jackson-datatype-jsr310-2.15.3.jar:/home/inkerinmaa/.m2/repository/com/fasterxml/jackson/module/jackson-module-parameter-names/2.15.3/jackson-module-parameter-names-2.15.3.jar:/home/inkerinmaa/.m2/repository/org/springframework/boot/spring-boot-starter-tomcat/3.2.2/spring-boot-starter-tomcat-3.2.2.jar:/home/inkerinmaa/.m2/repository/org/apache/tomcat/embed/tomcat-embed-core/10.1.18/tomcat-embed-core-10.1.18.jar:/home/inkerinmaa/.m2/repository/org/apache/tomcat/embed/tomcat-embed-websocket/10.1.18/tomcat-embed-websocket-10.1.18.jar:/home/inkerinmaa/.m2/repository/org/springframework/spring-web/6.1.3/spring-web-6.1.3.jar:/home/inkerinmaa/.m2/repository/org/springframework/spring-beans/6.1.3/spring-beans-6.1.3.jar:/home/inkerinmaa/.m2/repository/org/springframework/spring-webmvc/6.1.3/spring-webmvc-6.1.3.jar:/home/inkerinmaa/.m2/repository/org/springframework/spring-aop/6.1.3/spring-aop-6.1.3.jar:/home/inkerinmaa/.m2/repository/org/springframework/spring-expression/6.1.3/spring-expression-6.1.3.jar:/home/inkerinmaa/.m2/repository/org/springframework/boot/spring-boot-starter-logging/3.2.2/spring-boot-starter-logging-3.2.2.jar:/home/inkerinmaa/.m2/repository/ch/qos/logback/logback-classic/1.4.14/logback-classic-1.4.14.jar:/home/inkerinmaa/.m2/repository/ch/qos/logback/logback-core/1.4.14/logback-core-1.4.14.jar:/home/inkerinmaa/.m2/repository/org/slf4j/slf4j-api/2.0.11/slf4j-api-2.0.11.jar:/home/inkerinmaa/.m2/repository/org/apache/logging/log4j/log4j-to-slf4j/2.21.1/log4j-to-slf4j-2.21.1.jar:/home/inkerinmaa/.m2/repository/org/apache/logging/log4j/log4j-api/2.21.1/log4j-api-2.21.1.jar:/home/inkerinmaa/.m2/repository/org/slf4j/jul-to-slf4j/2.0.11/jul-to-slf4j-2.0.11.jar:/home/inkerinmaa/.m2/repository/org/springframework/boot/spring-boot-starter-validation/3.2.2/spring-boot-starter-validation-3.2.2.jar:/home/inkerinmaa/.m2/repository/org/apache/tomcat/embed/tomcat-embed-el/10.1.18/tomcat-embed-el-10.1.18.jar:/home/inkerinmaa/.m2/repository/org/hibernate/validator/hibernate-validator/8.0.1.Final/hibernate-validator-8.0.1.Final.jar:/home/inkerinmaa/.m2/repository/jakarta/validation/jakarta.validation-api/3.0.2/jakarta.validation-api-3.0.2.jar:/home/inkerinmaa/.m2/repository/org/jboss/logging/jboss-logging/3.5.3.Final/jboss-logging-3.5.3.Final.jar:/home/inkerinmaa/.m2/repository/com/fasterxml/classmate/1.6.0/classmate-1.6.0.jar:/home/inkerinmaa/.m2/repository/org/springframework/boot/spring-boot-starter-webflux/3.2.2/spring-boot-starter-webflux-3.2.2.jar:/home/inkerinmaa/.m2/repository/org/springframework/boot/spring-boot-starter-reactor-netty/3.2.2/spring-boot-starter-reactor-netty-3.2.2.jar:/home/inkerinmaa/.m2/repository/io/projectreactor/netty/reactor-netty-http/1.1.15/reactor-netty-http-1.1.15.jar:/home/inkerinmaa/.m2/repository/io/netty/netty-codec-http/4.1.105.Final/netty-codec-http-4.1.105.Final.jar:/home/inkerinmaa/.m2/repository/io/netty/netty-codec-http2/4.1.105.Final/netty-codec-http2-4.1.105.Final.jar:/home/inkerinmaa/.m2/repository/io/netty/netty-resolver-dns/4.1.105.Final/netty-resolver-dns-4.1.105.Final.jar:/home/inkerinmaa/.m2/repository/io/netty/netty-codec-dns/4.1.105.Final/netty-codec-dns-4.1.105.Final.jar:/home/inkerinmaa/.m2/repository/io/netty/netty-resolver-dns-native-macos/4.1.105.Final/netty-resolver-dns-native-macos-4.1.105.Final-osx-x86_64.jar:/home/inkerinmaa/.m2/repository/io/netty/netty-resolver-dns-classes-macos/4.1.105.Final/netty-resolver-dns-classes-macos-4.1.105.Final.jar:/home/inkerinmaa/.m2/repository/io/netty/netty-transport-native-epoll/4.1.105.Final/netty-transport-native-epoll-4.1.105.Final-linux-x86_64.jar:/home/inkerinmaa/.m2/repository/io/projectreactor/netty/reactor-netty-core/1.1.15/reactor-netty-core-1.1.15.jar:/home/inkerinmaa/.m2/repository/io/netty/netty-handler-proxy/4.1.105.Final/netty-handler-proxy-4.1.105.Final.jar:/home/inkerinmaa/.m2/repository/io/netty/netty-codec-socks/4.1.105.Final/netty-codec-socks-4.1.105.Final.jar:/home/inkerinmaa/.m2/repository/org/springframework/spring-webflux/6.1.3/spring-webflux-6.1.3.jar:/home/inkerinmaa/.m2/repository/org/springframework/kafka/spring-kafka/3.1.1/spring-kafka-3.1.1.jar:/home/inkerinmaa/.m2/repository/org/springframework/spring-context/6.1.3/spring-context-6.1.3.jar:/home/inkerinmaa/.m2/repository/org/springframework/spring-messaging/6.1.3/spring-messaging-6.1.3.jar:/home/inkerinmaa/.m2/repository/org/springframework/spring-tx/6.1.3/spring-tx-6.1.3.jar:/home/inkerinmaa/.m2/repository/org/springframework/retry/spring-retry/2.0.5/spring-retry-2.0.5.jar:/home/inkerinmaa/.m2/repository/org/apache/kafka/kafka-clients/3.6.1/kafka-clients-3.6.1.jar:/home/inkerinmaa/.m2/repository/com/github/luben/zstd-jni/1.5.5-1/zstd-jni-1.5.5-1.jar:/home/inkerinmaa/.m2/repository/org/lz4/lz4-java/1.8.0/lz4-java-1.8.0.jar:/home/inkerinmaa/.m2/repository/org/xerial/snappy/snappy-java/1.1.10.5/snappy-java-1.1.10.5.jar:/home/inkerinmaa/.m2/repository/io/micrometer/micrometer-observation/1.12.2/micrometer-observation-1.12.2.jar:/home/inkerinmaa/.m2/repository/io/micrometer/micrometer-commons/1.12.2/micrometer-commons-1.12.2.jar:/home/inkerinmaa/.m2/repository/com/google/code/findbugs/jsr305/3.0.2/jsr305-3.0.2.jar:/home/inkerinmaa/.m2/repository/org/springframework/boot/spring-boot-devtools/3.2.2/spring-boot-devtools-3.2.2.jar:/home/inkerinmaa/.m2/repository/org/springframework/boot/spring-boot/3.2.2/spring-boot-3.2.2.jar:/home/inkerinmaa/.m2/repository/org/springframework/boot/spring-boot-autoconfigure/3.2.2/spring-boot-autoconfigure-3.2.2.jar:/home/inkerinmaa/.m2/repository/org/springframework/boot/spring-boot-configuration-processor/3.2.2/spring-boot-configuration-processor-3.2.2.jar:/home/inkerinmaa/.m2/repository/org/projectlombok/lombok/1.18.30/lombok-1.18.30.jar:/home/inkerinmaa/.m2/repository/org/springframework/boot/spring-boot-starter-test/3.2.2/spring-boot-starter-test-3.2.2.jar:/home/inkerinmaa/.m2/repository/org/springframework/boot/spring-boot-test/3.2.2/spring-boot-test-3.2.2.jar:/home/inkerinmaa/.m2/repository/org/springframework/boot/spring-boot-test-autoconfigure/3.2.2/spring-boot-test-autoconfigure-3.2.2.jar:/home/inkerinmaa/.m2/repository/com/jayway/jsonpath/json-path/2.8.0/json-path-2.8.0.jar:/home/inkerinmaa/.m2/repository/jakarta/xml/bind/jakarta.xml.bind-api/4.0.1/jakarta.xml.bind-api-4.0.1.jar:/home/inkerinmaa/.m2/repository/jakarta/activation/jakarta.activation-api/2.1.2/jakarta.activation-api-2.1.2.jar:/home/inkerinmaa/.m2/repository/net/minidev/json-smart/2.5.0/json-smart-2.5.0.jar:/home/inkerinmaa/.m2/repository/net/minidev/accessors-smart/2.5.0/accessors-smart-2.5.0.jar:/home/inkerinmaa/.m2/repository/org/ow2/asm/asm/9.3/asm-9.3.jar:/home/inkerinmaa/.m2/repository/org/awaitility/awaitility/4.2.0/awaitility-4.2.0.jar:/home/inkerinmaa/.m2/repository/org/hamcrest/hamcrest/2.2/hamcrest-2.2.jar:/home/inkerinmaa/.m2/repository/org/junit/jupiter/junit-jupiter/5.10.1/junit-jupiter-5.10.1.jar:/home/inkerinmaa/.m2/repository/org/mockito/mockito-core/5.7.0/mockito-core-5.7.0.jar:/home/inkerinmaa/.m2/repository/net/bytebuddy/byte-buddy-agent/1.14.11/byte-buddy-agent-1.14.11.jar:/home/inkerinmaa/.m2/repository/org/objenesis/objenesis/3.3/objenesis-3.3.jar:/home/inkerinmaa/.m2/repository/org/mockito/mockito-junit-jupiter/5.7.0/mockito-junit-jupiter-5.7.0.jar:/home/inkerinmaa/.m2/repository/org/skyscreamer/jsonassert/1.5.1/jsonassert-1.5.1.jar:/home/inkerinmaa/.m2/repository/com/vaadin/external/google/android-json/0.0.20131108.vaadin1/android-json-0.0.20131108.vaadin1.jar:/home/inkerinmaa/.m2/repository/org/springframework/spring-core/6.1.3/spring-core-6.1.3.jar:/home/inkerinmaa/.m2/repository/org/springframework/spring-jcl/6.1.3/spring-jcl-6.1.3.jar:/home/inkerinmaa/.m2/repository/org/springframework/spring-test/6.1.3/spring-test-6.1.3.jar:/home/inkerinmaa/.m2/repository/org/xmlunit/xmlunit-core/2.9.1/xmlunit-core-2.9.1.jar:/home/inkerinmaa/.m2/repository/org/springframework/boot/spring-boot-testcontainers/3.2.2/spring-boot-testcontainers-3.2.2.jar:/home/inkerinmaa/.m2/repository/org/testcontainers/testcontainers/1.19.4/testcontainers-1.19.4.jar:/home/inkerinmaa/.m2/repository/junit/junit/4.13.2/junit-4.13.2.jar:/home/inkerinmaa/.m2/repository/org/hamcrest/hamcrest-core/2.2/hamcrest-core-2.2.jar:/home/inkerinmaa/.m2/repository/org/apache/commons/commons-compress/1.25.0/commons-compress-1.25.0.jar:/home/inkerinmaa/.m2/repository/org/rnorth/duct-tape/duct-tape/1.0.8/duct-tape-1.0.8.jar:/home/inkerinmaa/.m2/repository/com/github/docker-java/docker-java-api/3.3.4/docker-java-api-3.3.4.jar:/home/inkerinmaa/.m2/repository/com/github/docker-java/docker-java-transport-zerodep/3.3.4/docker-java-transport-zerodep-3.3.4.jar:/home/inkerinmaa/.m2/repository/com/github/docker-java/docker-java-transport/3.3.4/docker-java-transport-3.3.4.jar:/home/inkerinmaa/.m2/repository/net/java/dev/jna/jna/5.13.0/jna-5.13.0.jar:/home/inkerinmaa/.m2/repository/org/springframework/kafka/spring-kafka-test/3.1.1/spring-kafka-test-3.1.1.jar:/home/inkerinmaa/.m2/repository/org/apache/zookeeper/zookeeper/3.8.3/zookeeper-3.8.3.jar:/home/inkerinmaa/.m2/repository/org/apache/zookeeper/zookeeper-jute/3.8.3/zookeeper-jute-3.8.3.jar:/home/inkerinmaa/.m2/repository/org/apache/yetus/audience-annotations/0.12.0/audience-annotations-0.12.0.jar:/home/inkerinmaa/.m2/repository/io/netty/netty-handler/4.1.105.Final/netty-handler-4.1.105.Final.jar:/home/inkerinmaa/.m2/repository/io/netty/netty-common/4.1.105.Final/netty-common-4.1.105.Final.jar:/home/inkerinmaa/.m2/repository/io/netty/netty-resolver/4.1.105.Final/netty-resolver-4.1.105.Final.jar:/home/inkerinmaa/.m2/repository/io/netty/netty-buffer/4.1.105.Final/netty-buffer-4.1.105.Final.jar:/home/inkerinmaa/.m2/repository/io/netty/netty-transport/4.1.105.Final/netty-transport-4.1.105.Final.jar:/home/inkerinmaa/.m2/repository/io/netty/netty-transport-native-unix-common/4.1.105.Final/netty-transport-native-unix-common-4.1.105.Final.jar:/home/inkerinmaa/.m2/repository/io/netty/netty-codec/4.1.105.Final/netty-codec-4.1.105.Final.jar:/home/inkerinmaa/.m2/repository/io/netty/netty-transport-native-epoll/4.1.105.Final/netty-transport-native-epoll-4.1.105.Final.jar:/home/inkerinmaa/.m2/repository/io/netty/netty-transport-classes-epoll/4.1.105.Final/netty-transport-classes-epoll-4.1.105.Final.jar:/home/inkerinmaa/.m2/repository/commons-io/commons-io/2.11.0/commons-io-2.11.0.jar:/home/inkerinmaa/.m2/repository/org/apache/kafka/kafka-clients/3.6.1/kafka-clients-3.6.1-test.jar:/home/inkerinmaa/.m2/repository/org/apache/kafka/kafka-metadata/3.6.1/kafka-metadata-3.6.1.jar:/home/inkerinmaa/.m2/repository/org/apache/kafka/kafka-raft/3.6.1/kafka-raft-3.6.1.jar:/home/inkerinmaa/.m2/repository/com/yammer/metrics/metrics-core/2.2.0/metrics-core-2.2.0.jar:/home/inkerinmaa/.m2/repository/org/apache/kafka/kafka-server-common/3.6.1/kafka-server-common-3.6.1.jar:/home/inkerinmaa/.m2/repository/net/sf/jopt-simple/jopt-simple/5.0.4/jopt-simple-5.0.4.jar:/home/inkerinmaa/.m2/repository/org/pcollections/pcollections/4.0.1/pcollections-4.0.1.jar:/home/inkerinmaa/.m2/repository/org/apache/kafka/kafka-server-common/3.6.1/kafka-server-common-3.6.1-test.jar:/home/inkerinmaa/.m2/repository/org/apache/kafka/kafka-streams-test-utils/3.6.1/kafka-streams-test-utils-3.6.1.jar:/home/inkerinmaa/.m2/repository/org/apache/kafka/kafka-streams/3.6.1/kafka-streams-3.6.1.jar:/home/inkerinmaa/.m2/repository/org/rocksdb/rocksdbjni/7.9.2/rocksdbjni-7.9.2.jar:/home/inkerinmaa/.m2/repository/org/apache/kafka/kafka_2.13/3.6.1/kafka_2.13-3.6.1.jar:/home/inkerinmaa/.m2/repository/org/scala-lang/scala-library/2.13.11/scala-library-2.13.11.jar:/home/inkerinmaa/.m2/repository/org/apache/kafka/kafka-group-coordinator/3.6.1/kafka-group-coordinator-3.6.1.jar:/home/inkerinmaa/.m2/repository/org/apache/kafka/kafka-storage-api/3.6.1/kafka-storage-api-3.6.1.jar:/home/inkerinmaa/.m2/repository/org/apache/kafka/kafka-tools-api/3.6.1/kafka-tools-api-3.6.1.jar:/home/inkerinmaa/.m2/repository/org/apache/kafka/kafka-storage/3.6.1/kafka-storage-3.6.1.jar:/home/inkerinmaa/.m2/repository/com/github/ben-manes/caffeine/caffeine/3.1.8/caffeine-3.1.8.jar:/home/inkerinmaa/.m2/repository/org/checkerframework/checker-qual/3.37.0/checker-qual-3.37.0.jar:/home/inkerinmaa/.m2/repository/com/google/errorprone/error_prone_annotations/2.21.1/error_prone_annotations-2.21.1.jar:/home/inkerinmaa/.m2/repository/net/sourceforge/argparse4j/argparse4j/0.7.0/argparse4j-0.7.0.jar:/home/inkerinmaa/.m2/repository/commons-validator/commons-validator/1.7/commons-validator-1.7.jar:/home/inkerinmaa/.m2/repository/commons-beanutils/commons-beanutils/1.9.4/commons-beanutils-1.9.4.jar:/home/inkerinmaa/.m2/repository/commons-digester/commons-digester/2.1/commons-digester-2.1.jar:/home/inkerinmaa/.m2/repository/commons-collections/commons-collections/3.2.2/commons-collections-3.2.2.jar:/home/inkerinmaa/.m2/repository/com/fasterxml/jackson/module/jackson-module-scala_2.13/2.15.3/jackson-module-scala_2.13-2.15.3.jar:/home/inkerinmaa/.m2/repository/com/thoughtworks/paranamer/paranamer/2.8/paranamer-2.8.jar:/home/inkerinmaa/.m2/repository/com/fasterxml/jackson/dataformat/jackson-dataformat-csv/2.15.3/jackson-dataformat-csv-2.15.3.jar:/home/inkerinmaa/.m2/repository/org/bitbucket/b_c/jose4j/0.9.3/jose4j-0.9.3.jar:/home/inkerinmaa/.m2/repository/org/scala-lang/modules/scala-collection-compat_2.13/2.10.0/scala-collection-compat_2.13-2.10.0.jar:/home/inkerinmaa/.m2/repository/org/scala-lang/modules/scala-java8-compat_2.13/1.0.2/scala-java8-compat_2.13-1.0.2.jar:/home/inkerinmaa/.m2/repository/org/scala-lang/scala-reflect/2.13.11/scala-reflect-2.13.11.jar:/home/inkerinmaa/.m2/repository/com/typesafe/scala-logging/scala-logging_2.13/3.9.4/scala-logging_2.13-3.9.4.jar:/home/inkerinmaa/.m2/repository/io/dropwizard/metrics/metrics-core/4.2.23/metrics-core-4.2.23.jar:/home/inkerinmaa/.m2/repository/commons-cli/commons-cli/1.4/commons-cli-1.4.jar:/home/inkerinmaa/.m2/repository/org/apache/kafka/kafka_2.13/3.6.1/kafka_2.13-3.6.1-test.jar:/home/inkerinmaa/.m2/repository/org/junit/platform/junit-platform-launcher/1.10.1/junit-platform-launcher-1.10.1.jar:/home/inkerinmaa/.m2/repository/org/springframework/cloud/spring-cloud-starter-contract-stub-runner/4.1.0/spring-cloud-starter-contract-stub-runner-4.1.0.jar:/home/inkerinmaa/.m2/repository/org/springframework/cloud/spring-cloud-contract-stub-runner/4.1.0/spring-cloud-contract-stub-runner-4.1.0.jar:/home/inkerinmaa/.m2/repository/org/springframework/cloud/spring-cloud-contract-verifier/4.1.0/spring-cloud-contract-verifier-4.1.0.jar:/home/inkerinmaa/.m2/repository/javax/inject/javax.inject/1/javax.inject-1.jar:/home/inkerinmaa/.m2/repository/com/toomuchcoding/jsonassert/jsonassert/0.7.0/jsonassert-0.7.0.jar:/home/inkerinmaa/.m2/repository/com/rackspace/eclipse/webtools/sourceediting/org.eclipse.wst.xml.xpath2.processor/2.1.100/org.eclipse.wst.xml.xpath2.processor-2.1.100.jar:/home/inkerinmaa/.m2/repository/edu/princeton/cup/java-cup/10k/java-cup-10k.jar:/home/inkerinmaa/.m2/repository/com/ibm/icu/icu4j/4.6/icu4j-4.6.jar:/home/inkerinmaa/.m2/repository/org/apache/groovy/groovy-nio/4.0.17/groovy-nio-4.0.17.jar:/home/inkerinmaa/.m2/repository/org/apache/groovy/groovy-json/4.0.17/groovy-json-4.0.17.jar:/home/inkerinmaa/.m2/repository/com/github/jknack/handlebars/4.3.1/handlebars-4.3.1.jar:/home/inkerinmaa/.m2/repository/com/fasterxml/jackson/dataformat/jackson-dataformat-yaml/2.15.3/jackson-dataformat-yaml-2.15.3.jar:/home/inkerinmaa/.m2/repository/net/javacrumbs/json-unit/json-unit-assertj/2.38.0/json-unit-assertj-2.38.0.jar:/home/inkerinmaa/.m2/repository/net/javacrumbs/json-unit/json-unit-core/2.38.0/json-unit-core-2.38.0.jar:/home/inkerinmaa/.m2/repository/net/javacrumbs/json-unit/json-unit-json-path/2.38.0/json-unit-json-path-2.38.0.jar:/home/inkerinmaa/.m2/repository/org/springframework/cloud/spring-cloud-contract-shade/4.1.0/spring-cloud-contract-shade-4.1.0.jar:/home/inkerinmaa/.m2/repository/org/springframework/cloud/spring-cloud-contract-converters/4.1.0/spring-cloud-contract-converters-4.1.0.jar:/home/inkerinmaa/.m2/repository/org/springframework/cloud/spring-cloud-contract-spec/4.1.0/spring-cloud-contract-spec-4.1.0.jar:/home/inkerinmaa/.m2/repository/org/springframework/cloud/spring-cloud-contract-spec-java/4.1.0/spring-cloud-contract-spec-java-4.1.0.jar:/home/inkerinmaa/.m2/repository/dk/brics/automaton/1.12-4/automaton-1.12-4.jar:/home/inkerinmaa/.m2/repository/org/springframework/cloud/spring-cloud-contract-spec-groovy/4.1.0/spring-cloud-contract-spec-groovy-4.1.0.jar:/home/inkerinmaa/.m2/repository/org/eclipse/jgit/org.eclipse.jgit/6.6.1.202309021850-r/org.eclipse.jgit-6.6.1.202309021850-r.jar:/home/inkerinmaa/.m2/repository/com/googlecode/javaewah/JavaEWAH/1.2.3/JavaEWAH-1.2.3.jar:/home/inkerinmaa/.m2/repository/org/eclipse/jgit/org.eclipse.jgit.ssh.jsch/6.7.0.202309050840-r/org.eclipse.jgit.ssh.jsch-6.7.0.202309050840-r.jar:/home/inkerinmaa/.m2/repository/com/jcraft/jsch/0.1.55/jsch-0.1.55.jar:/home/inkerinmaa/.m2/repository/com/jcraft/jzlib/1.1.3/jzlib-1.1.3.jar:/home/inkerinmaa/.m2/repository/com/jcraft/jsch.agentproxy.sshagent/0.0.9/jsch.agentproxy.sshagent-0.0.9.jar:/home/inkerinmaa/.m2/repository/com/jcraft/jsch.agentproxy.core/0.0.9/jsch.agentproxy.core-0.0.9.jar:/home/inkerinmaa/.m2/repository/com/jcraft/jsch.agentproxy.jsch/0.0.9/jsch.agentproxy.jsch-0.0.9.jar:/home/inkerinmaa/.m2/repository/com/jcraft/jsch.agentproxy.usocket-jna/0.0.9/jsch.agentproxy.usocket-jna-0.0.9.jar:/home/inkerinmaa/.m2/repository/net/java/dev/jna/jna-platform/4.1.0/jna-platform-4.1.0.jar:/home/inkerinmaa/.m2/repository/org/springframework/cloud/spring-cloud-contract-wiremock/4.1.0/spring-cloud-contract-wiremock-4.1.0.jar:/home/inkerinmaa/.m2/repository/jakarta/servlet/jakarta.servlet-api/6.0.0/jakarta.servlet-api-6.0.0.jar:/home/inkerinmaa/.m2/repository/com/github/tomakehurst/wiremock-jre8-standalone/2.35.1/wiremock-jre8-standalone-2.35.1.jar:/home/inkerinmaa/.m2/repository/org/apache/httpcomponents/client5/httpclient5/5.2.3/httpclient5-5.2.3.jar:/home/inkerinmaa/.m2/repository/org/apache/httpcomponents/core5/httpcore5/5.2.4/httpcore5-5.2.4.jar:/home/inkerinmaa/.m2/repository/org/apache/httpcomponents/core5/httpcore5-h2/5.2.4/httpcore5-h2-5.2.4.jar:/home/inkerinmaa/.m2/repository/org/springframework/cloud/spring-cloud-test-support/4.1.0/spring-cloud-test-support-4.1.0.jar:/home/inkerinmaa/.m2/repository/org/apache/maven/resolver/maven-resolver-connector-basic/1.9.16/maven-resolver-connector-basic-1.9.16.jar:/home/inkerinmaa/.m2/repository/org/apache/maven/resolver/maven-resolver-spi/1.9.16/maven-resolver-spi-1.9.16.jar:/home/inkerinmaa/.m2/repository/org/apache/maven/resolver/maven-resolver-util/1.9.16/maven-resolver-util-1.9.16.jar:/home/inkerinmaa/.m2/repository/org/apache/maven/resolver/maven-resolver-impl/1.9.16/maven-resolver-impl-1.9.16.jar:/home/inkerinmaa/.m2/repository/org/apache/maven/resolver/maven-resolver-named-locks/1.9.16/maven-resolver-named-locks-1.9.16.jar:/home/inkerinmaa/.m2/repository/org/apache/maven/maven-resolver-provider/3.9.5/maven-resolver-provider-3.9.5.jar:/home/inkerinmaa/.m2/repository/org/apache/maven/maven-model/3.9.5/maven-model-3.9.5.jar:/home/inkerinmaa/.m2/repository/org/apache/maven/maven-model-builder/3.9.5/maven-model-builder-3.9.5.jar:/home/inkerinmaa/.m2/repository/org/codehaus/plexus/plexus-interpolation/1.26/plexus-interpolation-1.26.jar:/home/inkerinmaa/.m2/repository/org/apache/maven/maven-artifact/3.9.5/maven-artifact-3.9.5.jar:/home/inkerinmaa/.m2/repository/org/apache/maven/maven-builder-support/3.9.5/maven-builder-support-3.9.5.jar:/home/inkerinmaa/.m2/repository/org/apache/maven/maven-repository-metadata/3.9.5/maven-repository-metadata-3.9.5.jar:/home/inkerinmaa/.m2/repository/org/apache/maven/resolver/maven-resolver-transport-http/1.9.16/maven-resolver-transport-http-1.9.16.jar:/home/inkerinmaa/.m2/repository/org/apache/maven/resolver/maven-resolver-api/1.9.18/maven-resolver-api-1.9.18.jar:/home/inkerinmaa/.m2/repository/org/sonatype/sisu/sisu-inject-plexus/2.6.0/sisu-inject-plexus-2.6.0.jar:/home/inkerinmaa/.m2/repository/org/codehaus/plexus/plexus-component-annotations/1.5.5/plexus-component-annotations-1.5.5.jar:/home/inkerinmaa/.m2/repository/org/codehaus/plexus/plexus-classworlds/2.5.2/plexus-classworlds-2.5.2.jar:/home/inkerinmaa/.m2/repository/org/codehaus/plexus/plexus-utils/3.0.18/plexus-utils-3.0.18.jar:/home/inkerinmaa/.m2/repository/org/sonatype/sisu/sisu-inject-bean/2.6.0/sisu-inject-bean-2.6.0.jar:/home/inkerinmaa/.m2/repository/javax/enterprise/cdi-api/1.0/cdi-api-1.0.jar:/home/inkerinmaa/.m2/repository/javax/annotation/jsr250-api/1.0/jsr250-api-1.0.jar:/home/inkerinmaa/.m2/repository/org/sonatype/sisu/sisu-guice/3.2.5/sisu-guice-3.2.5-no_aop.jar:/home/inkerinmaa/.m2/repository/com/google/guava/guava/16.0.1/guava-16.0.1.jar:/home/inkerinmaa/.m2/repository/org/eclipse/sisu/org.eclipse.sisu.inject/0.3.0/org.eclipse.sisu.inject-0.3.0.jar:/home/inkerinmaa/.m2/repository/org/eclipse/sisu/org.eclipse.sisu.plexus/0.3.0/org.eclipse.sisu.plexus-0.3.0.jar:/home/inkerinmaa/.m2/repository/io/rest-assured/spring-web-test-client/5.3.2/spring-web-test-client-5.3.2.jar:/home/inkerinmaa/.m2/repository/io/rest-assured/rest-assured/5.3.2/rest-assured-5.3.2.jar:/home/inkerinmaa/.m2/repository/org/apache/groovy/groovy/4.0.17/groovy-4.0.17.jar:/home/inkerinmaa/.m2/repository/org/apache/groovy/groovy-xml/4.0.17/groovy-xml-4.0.17.jar:/home/inkerinmaa/.m2/repository/org/apache/httpcomponents/httpclient/4.5.13/httpclient-4.5.13.jar:/home/inkerinmaa/.m2/repository/org/apache/httpcomponents/httpcore/4.4.16/httpcore-4.4.16.jar:/home/inkerinmaa/.m2/repository/commons-codec/commons-codec/1.16.0/commons-codec-1.16.0.jar:/home/inkerinmaa/.m2/repository/org/apache/httpcomponents/httpmime/4.5.13/httpmime-4.5.13.jar:/home/inkerinmaa/.m2/repository/org/ccil/cowan/tagsoup/tagsoup/1.2.1/tagsoup-1.2.1.jar:/home/inkerinmaa/.m2/repository/io/rest-assured/json-path/5.3.2/json-path-5.3.2.jar:/home/inkerinmaa/.m2/repository/io/rest-assured/rest-assured-common/5.3.2/rest-assured-common-5.3.2.jar:/home/inkerinmaa/.m2/repository/io/rest-assured/xml-path/5.3.2/xml-path-5.3.2.jar:/home/inkerinmaa/.m2/repository/io/rest-assured/spring-commons/5.3.2/spring-commons-5.3.2.jar:/home/inkerinmaa/.m2/repository/org/synchronoss/cloud/nio-multipart-parser/1.1.0/nio-multipart-parser-1.1.0.jar:/home/inkerinmaa/.m2/repository/org/synchronoss/cloud/nio-stream-storage/1.1.3/nio-stream-storage-1.1.3.jar:/home/inkerinmaa/.m2/repository/io/projectreactor/reactor-test/3.6.2/reactor-test-3.6.2.jar:/home/inkerinmaa/.m2/repository/io/projectreactor/reactor-core/3.6.2/reactor-core-3.6.2.jar:/home/inkerinmaa/.m2/repository/org/reactivestreams/reactive-streams/1.0.4/reactive-streams-1.0.4.jar:/home/inkerinmaa/.m2/repository/org/liquibase/liquibase-core/4.24.0/liquibase-core-4.24.0.jar:/home/inkerinmaa/.m2/repository/com/opencsv/opencsv/5.8/opencsv-5.8.jar:/home/inkerinmaa/.m2/repository/org/apache/commons/commons-lang3/3.13.0/commons-lang3-3.13.0.jar:/home/inkerinmaa/.m2/repository/org/apache/commons/commons-text/1.10.0/commons-text-1.10.0.jar:/home/inkerinmaa/.m2/repository/org/apache/commons/commons-collections4/4.4/commons-collections4-4.4.jar:/home/inkerinmaa/.m2/repository/org/yaml/snakeyaml/2.2/snakeyaml-2.2.jar:/home/inkerinmaa/.m2/repository/javax/xml/bind/jaxb-api/2.3.1/jaxb-api-2.3.1.jar:/home/inkerinmaa/.m2/repository/org/testcontainers/junit-jupiter/1.19.4/junit-jupiter-1.19.4.jar:/home/inkerinmaa/.m2/repository/org/testcontainers/postgresql/1.19.4/postgresql-1.19.4.jar:/home/inkerinmaa/.m2/repository/org/testcontainers/jdbc/1.19.4/jdbc-1.19.4.jar:/home/inkerinmaa/.m2/repository/org/testcontainers/database-commons/1.19.4/database-commons-1.19.4.jar:/home/inkerinmaa/.m2/repository/org/testcontainers/kafka/1.19.4/kafka-1.19.4.jar:/home/inkerinmaa/.m2/repository/org/jetbrains/annotations/24.1.0/annotations-24.1.0.jar:/home/inkerinmaa/.m2/repository/org/assertj/assertj-core/3.24.2/assertj-core-3.24.2.jar:/home/inkerinmaa/.m2/repository/net/bytebuddy/byte-buddy/1.14.11/byte-buddy-1.14.11.jar:/home/inkerinmaa/.m2/repository/org/junit/jupiter/junit-jupiter-api/5.10.1/junit-jupiter-api-5.10.1.jar:/home/inkerinmaa/.m2/repository/org/opentest4j/opentest4j/1.3.0/opentest4j-1.3.0.jar:/home/inkerinmaa/.m2/repository/org/junit/platform/junit-platform-commons/1.10.1/junit-platform-commons-1.10.1.jar:/home/inkerinmaa/.m2/repository/org/apiguardian/apiguardian-api/1.1.2/apiguardian-api-1.1.2.jar:/home/inkerinmaa/.m2/repository/org/junit/jupiter/junit-jupiter-engine/5.10.1/junit-jupiter-engine-5.10.1.jar:/home/inkerinmaa/.m2/repository/org/junit/platform/junit-platform-engine/1.10.1/junit-platform-engine-1.10.1.jar:/home/inkerinmaa/.m2/repository/org/junit/jupiter/junit-jupiter-params/5.10.1/junit-jupiter-params-5.10.1.jar:"/>
    <property name="sun.cpu.endian" value="little"/>
    <property name="user.home" value="/home/inkerinmaa"/>
    <property name="user.language" value="en"/>
    <property name="git.closest.tag.commit.count" value=""/>
    <property name="java.specification.vendor" value="Oracle Corporation"/>
    <property name="java.version.date" value="2025-01-21"/>
    <property name="java.home" value="/usr/lib/jvm/java-17-openjdk"/>
    <property name="git.total.commit.count" value="4"/>
    <property name="file.separator" value="/"/>
    <property name="basedir" value="/home/inkerinmaa/Link-Tracker-Bot/scrapper"/>
    <property name="java.vm.compressedOopsMode" value="Zero based"/>
    <property name="line.separator" value="&#10;"/>
    <property name="git.build.user.email" value="alexanderstepanov2002@mail.ru"/>
    <property name="git.commit.committer.time" value="2024-11-20T15:40:26+0000"/>
    <property name="java.vm.specification.vendor" value="Oracle Corporation"/>
    <property name="java.specification.name" value="Java Platform API Specification"/>
    <property name="FILE_LOG_CHARSET" value="UTF-8"/>
    <property name="java.awt.headless" value="true"/>
    <property name="git.closest.tag.name" value=""/>
    <property name="org.slf4j.simpleLogger.showDateTime" value="true"/>
    <property name="git.local.branch.ahead" value="0"/>
    <property name="git.build.time" value="2025-03-03T17:00:50+0000"/>
    <property name="surefire.real.class.path" value="/home/inkerinmaa/Link-Tracker-Bot/scrapper/target/surefire/surefirebooter-20250303170051581_6.jar"/>
    <property name="git.commit.message.full" value="add one test"/>
    <property name="sun.management.compiler" value="HotSpot 64-Bit Tiered Compilers"/>
    <property name="org.slf4j.simpleLogger.dateTimeFormat" value="HH:mm:ss"/>
    <property name="java.runtime.version" value="17.0.14+7"/>
    <property name="user.name" value="inkerinmaa"/>
    <property name="path.separator" value=":"/>
    <property name="os.version" value="6.13.4-arch1-1"/>
    <property name="java.runtime.name" value="OpenJDK Runtime Environment"/>
    <property name="file.encoding" value="UTF-8"/>
    <property name="git.commit.user.email" value="alexanderstepanov2002@mail.ru"/>
    <property name="java.vm.name" value="OpenJDK 64-Bit Server VM"/>
    <property name="git.local.branch.behind" value="0"/>
    <property name="git.dirty" value="true"/>
    <property name="localRepository" value="/home/inkerinmaa/.m2/repository"/>
    <property name="javax.xml.xpath.XPathFactory:http://java.sun.com/jaxp/xpath/dom" value="com.sun.org.apache.xpath.internal.jaxp.XPathFactoryImpl"/>
    <property name="java.vendor.url.bug" value="https://bugreport.java.com/bugreport/"/>
    <property name="jetty.git.hash" value="4231a3b2e4cb8548a412a789936d640a97b1aa0a"/>
    <property name="java.io.tmpdir" value="/tmp"/>
    <property name="wiremock.org.eclipse.jetty.http.HttpGenerator.STRICT" value="true"/>
    <property name="java.version" value="17.0.14"/>
    <property name="user.dir" value="/home/inkerinmaa/Link-Tracker-Bot/scrapper"/>
    <property name="os.arch" value="amd64"/>
    <property name="git.commit.user.name" value="AlexanderStepanov05"/>
    <property name="git.commit.id.abbrev" value="908de25"/>
    <property name="java.vm.specification.name" value="Java Virtual Machine Specification"/>
    <property name="PID" value="74520"/>
    <property name="git.commit.id.describe-short" value="908de25-dirty"/>
    <property name="CONSOLE_LOG_CHARSET" value="UTF-8"/>
    <property name="git.commit.id.describe" value="908de25-dirty"/>
    <property name="native.encoding" value="UTF-8"/>
    <property name="java.library.path" value="/usr/java/packages/lib:/usr/lib64:/lib64:/lib:/usr/lib"/>
    <property name="git.commit.message.short" value="add one test"/>
    <property name="java.vm.info" value="mixed mode, sharing"/>
    <property name="java.vendor" value="Arch Linux"/>
    <property name="java.vm.version" value="17.0.14+7"/>
    <property name="java.specification.maintenance.version" value="1"/>
    <property name="sun.io.unicode.encoding" value="UnicodeLittle"/>
    <property name="javax.xml.transform.TransformerFactory" value="com.sun.org.apache.xalan.internal.xsltc.trax.TransformerFactoryImpl"/>
    <property name="java.class.version" value="61.0"/>
    <property name="git.commit.time" value="2024-11-20T15:40:26+0000"/>
    <property name="LOGGED_APPLICATION_NAME" value="[scrapper] "/>
    <property name="git.remote.origin.url" value="git@github.com:AlexanderStepanov05/Link-Tracker-Bot.git"/>
  </properties>
  <testcase name="testGitHubClient" classname="edu.java.scrapper.client.ClientTests" time="2.654">
    <error message="404 Not Found from GET https://api.github.com/repos/test-owner/test-repo" type="org.springframework.web.reactive.function.client.WebClientResponseException$NotFound"><![CDATA[org.springframework.web.reactive.function.client.WebClientResponseException$NotFound: 404 Not Found from GET https://api.github.com/repos/test-owner/test-repo
	at org.springframework.web.reactive.function.client.WebClientResponseException.create(WebClientResponseException.java:310)
	Suppressed: The stacktrace has been enhanced by Reactor, refer to additional information below: 
Error has been observed at the following site(s):
	*__checkpoint ⇢ 404 NOT_FOUND from GET https://api.github.com/repos/test-owner/test-repo [DefaultWebClient]
Original Stack Trace:
		at org.springframework.web.reactive.function.client.WebClientResponseException.create(WebClientResponseException.java:310)
		at org.springframework.web.reactive.function.client.DefaultClientResponse.lambda$createException$1(DefaultClientResponse.java:214)
		at reactor.core.publisher.FluxMap$MapSubscriber.onNext(FluxMap.java:106)
		at reactor.core.publisher.FluxOnErrorReturn$ReturnSubscriber.onNext(FluxOnErrorReturn.java:162)
		at reactor.core.publisher.FluxDefaultIfEmpty$DefaultIfEmptySubscriber.onNext(FluxDefaultIfEmpty.java:122)
		at reactor.core.publisher.FluxMapFuseable$MapFuseableSubscriber.onNext(FluxMapFuseable.java:129)
		at reactor.core.publisher.FluxContextWrite$ContextWriteSubscriber.onNext(FluxContextWrite.java:107)
		at reactor.core.publisher.FluxMapFuseable$MapFuseableConditionalSubscriber.onNext(FluxMapFuseable.java:299)
		at reactor.core.publisher.FluxFilterFuseable$FilterFuseableConditionalSubscriber.onNext(FluxFilterFuseable.java:337)
		at reactor.core.publisher.Operators$BaseFluxToMonoOperator.completePossiblyEmpty(Operators.java:2097)
		at reactor.core.publisher.MonoCollect$CollectSubscriber.onComplete(MonoCollect.java:145)
		at reactor.core.publisher.FluxMap$MapSubscriber.onComplete(FluxMap.java:144)
		at reactor.core.publisher.FluxPeek$PeekSubscriber.onComplete(FluxPeek.java:260)
		at reactor.core.publisher.FluxMap$MapSubscriber.onComplete(FluxMap.java:144)
		at reactor.netty.channel.FluxReceive.onInboundComplete(FluxReceive.java:415)
		at reactor.netty.channel.ChannelOperations.onInboundComplete(ChannelOperations.java:446)
		at reactor.netty.channel.ChannelOperations.terminate(ChannelOperations.java:500)
		at reactor.netty.http.client.HttpClientOperations.onInboundNext(HttpClientOperations.java:782)
		at reactor.netty.channel.ChannelOperationsHandler.channelRead(ChannelOperationsHandler.java:114)
		at io.netty.channel.AbstractChannelHandlerContext.invokeChannelRead(AbstractChannelHandlerContext.java:444)
		at io.netty.channel.AbstractChannelHandlerContext.invokeChannelRead(AbstractChannelHandlerContext.java:420)
		at io.netty.channel.AbstractChannelHandlerContext.fireChannelRead(AbstractChannelHandlerContext.java:412)
		at io.netty.handler.codec.MessageToMessageDecoder.channelRead(MessageToMessageDecoder.java:103)
		at io.netty.channel.AbstractChannelHandlerContext.invokeChannelRead(AbstractChannelHandlerContext.java:444)
		at io.netty.channel.AbstractChannelHandlerContext.invokeChannelRead(AbstractChannelHandlerContext.java:420)
		at io.netty.channel.AbstractChannelHandlerContext.fireChannelRead(AbstractChannelHandlerContext.java:412)
		at io.netty.channel.CombinedChannelDuplexHandler$DelegatingChannelHandlerContext.fireChannelRead(CombinedChannelDuplexHandler.java:436)
		at io.netty.handler.codec.ByteToMessageDecoder.fireChannelRead(ByteToMessageDecoder.java:346)
		at io.netty.handler.codec.ByteToMessageDecoder.channelRead(ByteToMessageDecoder.java:318)
		at io.netty.channel.CombinedChannelDuplexHandler.channelRead(CombinedChannelDuplexHandler.java:251)
		at io.netty.channel.AbstractChannelHandlerContext.invokeChannelRead(AbstractChannelHandlerContext.java:442)
		at io.netty.channel.AbstractChannelHandlerContext.invokeChannelRead(AbstractChannelHandlerContext.java:420)
		at io.netty.channel.AbstractChannelHandlerContext.fireChannelRead(AbstractChannelHandlerContext.java:412)
		at io.netty.handler.ssl.SslHandler.unwrap(SslHandler.java:1475)
		at io.netty.handler.ssl.SslHandler.decodeJdkCompatible(SslHandler.java:1338)
		at io.netty.handler.ssl.SslHandler.decode(SslHandler.java:1387)
		at io.netty.handler.codec.ByteToMessageDecoder.decodeRemovalReentryProtection(ByteToMessageDecoder.java:529)
		at io.netty.handler.codec.ByteToMessageDecoder.callDecode(ByteToMessageDecoder.java:468)
		at io.netty.handler.codec.ByteToMessageDecoder.channelRead(ByteToMessageDecoder.java:290)
		at io.netty.channel.AbstractChannelHandlerContext.invokeChannelRead(AbstractChannelHandlerContext.java:444)
		at io.netty.channel.AbstractChannelHandlerContext.invokeChannelRead(AbstractChannelHandlerContext.java:420)
		at io.netty.channel.AbstractChannelHandlerContext.fireChannelRead(AbstractChannelHandlerContext.java:412)
		at io.netty.channel.DefaultChannelPipeline$HeadContext.channelRead(DefaultChannelPipeline.java:1410)
		at io.netty.channel.AbstractChannelHandlerContext.invokeChannelRead(AbstractChannelHandlerContext.java:440)
		at io.netty.channel.AbstractChannelHandlerContext.invokeChannelRead(AbstractChannelHandlerContext.java:420)
		at io.netty.channel.DefaultChannelPipeline.fireChannelRead(DefaultChannelPipeline.java:919)
		at io.netty.channel.epoll.AbstractEpollStreamChannel$EpollStreamUnsafe.epollInReady(AbstractEpollStreamChannel.java:800)
		at io.netty.channel.epoll.EpollEventLoop.processReady(EpollEventLoop.java:509)
		at io.netty.channel.epoll.EpollEventLoop.run(EpollEventLoop.java:407)
		at io.netty.util.concurrent.SingleThreadEventExecutor$4.run(SingleThreadEventExecutor.java:997)
		at io.netty.util.internal.ThreadExecutorMap$2.run(ThreadExecutorMap.java:74)
		at io.netty.util.concurrent.FastThreadLocalRunnable.run(FastThreadLocalRunnable.java:30)
		at java.base/java.lang.Thread.run(Thread.java:840)
	Suppressed: java.lang.Exception: #block terminated with an error
		at reactor.core.publisher.BlockingSingleSubscriber.blockingGet(BlockingSingleSubscriber.java:103)
		at reactor.core.publisher.Mono.block(Mono.java:1728)
		at edu.java.scrapper.client.ClientTests.testGitHubClient(ClientTests.java:41)
		at java.base/java.lang.reflect.Method.invoke(Method.java:569)
		at java.base/java.util.ArrayList.forEach(ArrayList.java:1511)
		at java.base/java.util.ArrayList.forEach(ArrayList.java:1511)
]]></error>
    <system-out><![CDATA[17:00:52.957 [main] INFO org.springframework.test.context.support.AnnotationConfigContextLoaderUtils -- Could not detect default configuration classes for test class [edu.java.scrapper.client.ClientTests]: ClientTests does not declare any static, non-private, non-final, nested classes annotated with @Configuration.
17:00:53.244 [main] INFO org.springframework.boot.test.context.SpringBootTestContextBootstrapper -- Found @SpringBootConfiguration edu.java.scrapper.ScrapperApplication for test class edu.java.scrapper.client.ClientTests
17:00:53.597 [main] INFO org.springframework.boot.devtools.restart.RestartApplicationListener -- Restart disabled due to context in which it is running
17:00:52,584 |-INFO in ch.qos.logback.classic.LoggerContext[default] - This is logback-classic version 1.4.14
17:00:52,589 |-INFO in ch.qos.logback.classic.util.ContextInitializer@67e77f52 - Here is a list of configurators discovered as a service, by rank: 
17:00:52,589 |-INFO in ch.qos.logback.classic.util.ContextInitializer@67e77f52 -   org.springframework.boot.logging.logback.RootLogLevelConfigurator
17:00:52,589 |-INFO in ch.qos.logback.classic.util.ContextInitializer@67e77f52 - They will be invoked in order until ExecutionStatus.DO_NOT_INVOKE_NEXT_IF_ANY is returned.
17:00:52,589 |-INFO in ch.qos.logback.classic.util.ContextInitializer@67e77f52 - Constructed configurator of type class org.springframework.boot.logging.logback.RootLogLevelConfigurator
17:00:52,600 |-INFO in ch.qos.logback.classic.util.ContextInitializer@67e77f52 - org.springframework.boot.logging.logback.RootLogLevelConfigurator.configure() call lasted 0 milliseconds. ExecutionStatus=INVOKE_NEXT_IF_ANY
17:00:52,600 |-INFO in ch.qos.logback.classic.util.ContextInitializer@67e77f52 - Trying to configure with ch.qos.logback.classic.joran.SerializedModelConfigurator
17:00:52,602 |-INFO in ch.qos.logback.classic.util.ContextInitializer@67e77f52 - Constructed configurator of type class ch.qos.logback.classic.joran.SerializedModelConfigurator
17:00:52,606 |-INFO in ch.qos.logback.classic.LoggerContext[default] - Could NOT find resource [logback-test.scmo]
17:00:52,606 |-INFO in ch.qos.logback.classic.LoggerContext[default] - Could NOT find resource [logback.scmo]
17:00:52,607 |-INFO in ch.qos.logback.classic.util.ContextInitializer@67e77f52 - ch.qos.logback.classic.joran.SerializedModelConfigurator.configure() call lasted 4 milliseconds. ExecutionStatus=INVOKE_NEXT_IF_ANY
17:00:52,607 |-INFO in ch.qos.logback.classic.util.ContextInitializer@67e77f52 - Trying to configure with ch.qos.logback.classic.util.DefaultJoranConfigurator
17:00:52,609 |-INFO in ch.qos.logback.classic.util.ContextInitializer@67e77f52 - Constructed configurator of type class ch.qos.logback.classic.util.DefaultJoranConfigurator
17:00:52,610 |-INFO in ch.qos.logback.classic.LoggerContext[default] - Could NOT find resource [logback-test.xml]
17:00:52,610 |-INFO in ch.qos.logback.classic.LoggerContext[default] - Could NOT find resource [logback.xml]
17:00:52,610 |-INFO in ch.qos.logback.classic.util.ContextInitializer@67e77f52 - ch.qos.logback.classic.util.DefaultJoranConfigurator.configure() call lasted 1 milliseconds. ExecutionStatus=INVOKE_NEXT_IF_ANY
17:00:52,610 |-INFO in ch.qos.logback.classic.util.ContextInitializer@67e77f52 - Trying to configure with ch.qos.logback.classic.BasicConfigurator
17:00:52,612 |-INFO in ch.qos.logback.classic.util.ContextInitializer@67e77f52 - Constructed configurator of type class ch.qos.logback.classic.BasicConfigurator
17:00:52,612 |-INFO in ch.qos.logback.classic.BasicConfigurator@7ead1d80 - Setting up default configuration.
17:00:52,634 |-INFO in ch.qos.logback.classic.util.ContextInitializer@67e77f52 - ch.qos.logback.classic.BasicConfigurator.configure() call lasted 22 milliseconds. ExecutionStatus=NEUTRAL
17:00:54,133 |-WARN in ch.qos.logback.core.model.processor.ImplicitModelHandler - Ignoring unknown property [Appenders] in [ch.qos.logback.classic.LoggerContext]
17:00:54,133 |-WARN in ch.qos.logback.core.model.processor.ImplicitModelHandler - Ignoring unknown property [Loggers] in [ch.qos.logback.classic.LoggerContext]
17:00:54,134 |-INFO in ch.qos.logback.core.model.processor.DefaultProcessor@1d1bf7bf - End of configuration.
17:00:54,134 |-INFO in org.springframework.boot.logging.logback.SpringBootJoranConfigurator@1182413a - Registering current configuration as safe fallback point


  .   ____          _            __ _ _
 /\\ / ___'_ __ _ _(_)_ __  __ _ \ \ \ \
( ( )\___ | '_ | '_| | '_ \/ _` | \ \ \ \
 \\/  ___)| |_)| | | | | || (_| |  ) ) ) )
  '  |____| .__|_| |_|_| |_\__, | / / / /
 =========|_|==============|___/=/_/_/_/
 :: Spring Boot ::                (v3.2.2)

]]></system-out>
  </testcase>
  <testcase name="testStackOverflowClient" classname="edu.java.scrapper.client.ClientTests" time="0.991">
    <failure message="&#10;expected: &quot;Test question&quot;&#10; but was: &quot;Java lib or app to convert CSV to XML file?&quot;" type="org.opentest4j.AssertionFailedError"><![CDATA[org.opentest4j.AssertionFailedError: 

expected: "Test question"
 but was: "Java lib or app to convert CSV to XML file?"
	at java.base/jdk.internal.reflect.NativeConstructorAccessorImpl.newInstance0(Native Method)
	at java.base/jdk.internal.reflect.NativeConstructorAccessorImpl.newInstance(NativeConstructorAccessorImpl.java:77)
	at java.base/jdk.internal.reflect.DelegatingConstructorAccessorImpl.newInstance(DelegatingConstructorAccessorImpl.java:45)
	at java.base/java.lang.reflect.Constructor.newInstanceWithCaller(Constructor.java:500)
	at edu.java.scrapper.client.ClientTests.testStackOverflowClient(ClientTests.java:65)
	at java.base/java.lang.reflect.Method.invoke(Method.java:569)
	at java.base/java.util.ArrayList.forEach(ArrayList.java:1511)
	at java.base/java.util.ArrayList.forEach(ArrayList.java:1511)
]]></failure>
  </testcase>
</testsuite>